Using pre-set license
Built from '2020.3/staging' branch; Version is '2020.3.48f1 (b805b124c6b7) revision 12060081'; Using compiler version '192528614'; Build Type 'Release'
OS: 'Windows 8.1  (6.3.0) 64bit Core' Language: 'es' Physical Memory: 3974 MB
BatchMode: 1, IsHumanControllingUs: 0, StartBugReporterOnCrash: 0, Is64bit: 1, IsPro: 0

COMMAND LINE ARGUMENTS:
C:\Program Files\Unity\Hub\Editor\2020.3.48f1\Editor\Unity.exe
-adb2
-batchMode
-noUpm
-name
AssetImportWorker0
-projectPath
C:/Users/MOA 2023/Documents/primer projecto en 2d intento 2/My project 2D
-logFile
Logs/AssetImportWorker0.log
-srvPort
56729
Successfully changed project path to: C:/Users/MOA 2023/Documents/primer projecto en 2d intento 2/My project 2D
C:/Users/MOA 2023/Documents/primer projecto en 2d intento 2/My project 2D
Using Asset Import Pipeline V2.
Player connection [320] Host "[IP] 192.168.1.8 [Port] 2953007712 [Flags] 2 [Guid] 804699873 [EditorId] 804699873 [Version] 1048832 [Id] WindowsEditor(7,MOA-2023) [Debug] 1 [PackageName] WindowsEditor [ProjectName] Editor" joined multi-casting on [225.0.0.222:54997]...

Player connection [320] Host "[IP] 192.168.1.8 [Port] 2953007712 [Flags] 2 [Guid] 804699873 [EditorId] 804699873 [Version] 1048832 [Id] WindowsEditor(7,MOA-2023) [Debug] 1 [PackageName] WindowsEditor [ProjectName] Editor" joined alternative multi-casting on [225.0.0.222:34997]...

Refreshing native plugins compatible for Editor in 574.23 ms, found 3 plugins.
Preloading 0 native plugins for Editor in 0.00 ms.
Initialize engine version: 2020.3.48f1 (b805b124c6b7)
[Subsystems] Discovering subsystems at path C:/Program Files/Unity/Hub/Editor/2020.3.48f1/Editor/Data/Resources/UnitySubsystems
[Subsystems] Discovering subsystems at path C:/Users/MOA 2023/Documents/primer projecto en 2d intento 2/My project 2D/Assets
GfxDevice: creating device client; threaded=0
d3d11: QueryInterface(IDXGIFactory5) failed (80004002).
Direct3D:
    Version:  Direct3D 11.0 [level 11.0]
    Renderer: Intel(R) HD Graphics (ID=0xf31)
    Vendor:   
    VRAM:     1728 MB
    Driver:   10.18.10.4276
Initialize mono
Mono path[0] = 'C:/Program Files/Unity/Hub/Editor/2020.3.48f1/Editor/Data/Managed'
Mono path[1] = 'C:/Program Files/Unity/Hub/Editor/2020.3.48f1/Editor/Data/MonoBleedingEdge/lib/mono/unityjit'
Mono config path = 'C:/Program Files/Unity/Hub/Editor/2020.3.48f1/Editor/Data/MonoBleedingEdge/etc'
Using monoOptions --debugger-agent=transport=dt_socket,embedding=1,server=y,suspend=n,address=127.0.0.1:56048
Begin MonoManager ReloadAssembly
Registering precompiled unity dll's ...
Register platform support module: C:/Program Files/Unity/Hub/Editor/2020.3.48f1/Editor/Data/PlaybackEngines/WindowsStandaloneSupport/UnityEditor.WindowsStandalone.Extensions.dll
Registered in 0.369081 seconds.
Native extension for WindowsStandalone target not found
Refreshing native plugins compatible for Editor in 268.89 ms, found 3 plugins.
Preloading 0 native plugins for Editor in 0.00 ms.
Mono: successfully reloaded assembly
- Completed reload, in 12.105 seconds
Domain Reload Profiling:
	ReloadAssembly (12106ms)
		BeginReloadAssembly (8270ms)
			ExecutionOrderSort (0ms)
			DisableScriptedObjects (0ms)
			BackupInstance (0ms)
			ReleaseScriptingObjects (0ms)
			CreateAndSetChildDomain (3ms)
		EndReloadAssembly (2888ms)
			LoadAssemblies (8259ms)
			RebuildTransferFunctionScriptingTraits (0ms)
			SetupTypeCache (945ms)
			ReleaseScriptCaches (0ms)
			RebuildScriptCaches (180ms)
			SetupLoadedEditorAssemblies (1145ms)
				LogAssemblyErrors (0ms)
				InitializePlatformSupportModulesInManaged (22ms)
				SetLoadedEditorAssemblies (1ms)
				RefreshPlugins (269ms)
				BeforeProcessingInitializeOnLoad (37ms)
				ProcessInitializeOnLoadAttributes (558ms)
				ProcessInitializeOnLoadMethodAttributes (257ms)
				AfterProcessingInitializeOnLoad (0ms)
				EditorAssembliesLoaded (1ms)
			ExecutionOrderSort2 (0ms)
			AwakeInstancesAfterBackupRestoration (0ms)
Platform modules already initialized, skipping
Registering precompiled user dll's ...
Registered in 0.206105 seconds.
Begin MonoManager ReloadAssembly
Native extension for WindowsStandalone target not found
Refreshing native plugins compatible for Editor in 307.82 ms, found 3 plugins.
Preloading 0 native plugins for Editor in 0.00 ms.
Mono: successfully reloaded assembly
- Completed reload, in 10.116 seconds
Domain Reload Profiling:
	ReloadAssembly (10121ms)
		BeginReloadAssembly (809ms)
			ExecutionOrderSort (0ms)
			DisableScriptedObjects (27ms)
			BackupInstance (0ms)
			ReleaseScriptingObjects (0ms)
			CreateAndSetChildDomain (86ms)
		EndReloadAssembly (8764ms)
			LoadAssemblies (1848ms)
			RebuildTransferFunctionScriptingTraits (0ms)
			SetupTypeCache (1886ms)
			ReleaseScriptCaches (1ms)
			RebuildScriptCaches (636ms)
			SetupLoadedEditorAssemblies (3030ms)
				LogAssemblyErrors (0ms)
				InitializePlatformSupportModulesInManaged (37ms)
				SetLoadedEditorAssemblies (1ms)
				RefreshPlugins (308ms)
				BeforeProcessingInitializeOnLoad (378ms)
				ProcessInitializeOnLoadAttributes (2170ms)
				ProcessInitializeOnLoadMethodAttributes (96ms)
				AfterProcessingInitializeOnLoad (40ms)
				EditorAssembliesLoaded (1ms)
			ExecutionOrderSort2 (0ms)
			AwakeInstancesAfterBackupRestoration (11ms)
Platform modules already initialized, skipping
========================================================================
Worker process is ready to serve import requests
Launched and connected shader compiler UnityShaderCompiler.exe after 0.25 seconds
Refreshing native plugins compatible for Editor in 1.73 ms, found 3 plugins.
Preloading 0 native plugins for Editor in 0.00 ms.
Unloading 2036 Unused Serialized files (Serialized files now loaded: 0)
System memory in use before: 94.8 MB.
System memory in use after: 94.8 MB.

Unloading 27 unused Assets to reduce memory usage. Loaded Objects now: 2474.
Total: 12.218179 ms (FindLiveObjects: 0.702091 ms CreateObjectMapping: 0.256372 ms MarkObjects: 10.892751 ms  DeleteObjects: 0.363054 ms)

AssetImportParameters requested are different than current active one (requested -> active):
  custom:framework-win-MediaFoundation: 216162199b28c13a410421893ffa2e32 -> 
  custom:video-decoder-ogg-theora: a1e56fd34408186e4bbccfd4996cb3dc -> 
  custom:container-muxer-webm: aa71ff27fc2769a1b78a27578f13a17b -> 
  custom:container-demuxer-webm: 4f35f7cbe854078d1ac9338744f61a02 -> 
  custom:container-demuxer-ogg: 62fdf1f143b41e24485cea50d1cbac27 -> 
  custom:video-encoder-webm-vp8: eb34c28f22e8b96e1ab97ce403110664 -> 
  custom:video-decoder-webm-vp8: 9c59270c3fd7afecdb556c50c9e8de78 -> 
  custom:audio-decoder-ogg-vorbis: bf7c407c2cedff20999df2af8eb42d56 -> 
  custom:audio-encoder-webm-vorbis: bf7c407c2cedff20999df2af8eb42d56 -> 
========================================================================
Received Import Request.
  path: Assets/Inported Assets/Main Camera.controller
  artifactKey: Guid(5c4b3f7e35414764a84c9db1f55694d4) Importer(815301076,1909f56bfc062723c751e8b465ee728b)
Start importing Assets/Inported Assets/Main Camera.controller using Guid(5c4b3f7e35414764a84c9db1f55694d4) Importer(815301076,1909f56bfc062723c751e8b465ee728b)  -> (artifact id: 'b03fbbefdfa2b96e2953d512254f1624') in 0.201105 seconds 
========================================================================
Received Prepare
Registering precompiled user dll's ...
Registered in 0.013391 seconds.
Begin MonoManager ReloadAssembly
Native extension for WindowsStandalone target not found
Refreshing native plugins compatible for Editor in 1.70 ms, found 3 plugins.
Preloading 0 native plugins for Editor in 0.00 ms.
Mono: successfully reloaded assembly
- Completed reload, in  5.130 seconds
Domain Reload Profiling:
	ReloadAssembly (5131ms)
		BeginReloadAssembly (492ms)
			ExecutionOrderSort (0ms)
			DisableScriptedObjects (36ms)
			BackupInstance (0ms)
			ReleaseScriptingObjects (0ms)
			CreateAndSetChildDomain (128ms)
		EndReloadAssembly (4297ms)
			LoadAssemblies (458ms)
			RebuildTransferFunctionScriptingTraits (0ms)
			SetupTypeCache (1680ms)
			ReleaseScriptCaches (3ms)
			RebuildScriptCaches (245ms)
			SetupLoadedEditorAssemblies (1433ms)
				LogAssemblyErrors (0ms)
				InitializePlatformSupportModulesInManaged (20ms)
				SetLoadedEditorAssemblies (2ms)
				RefreshPlugins (2ms)
				BeforeProcessingInitializeOnLoad (273ms)
				ProcessInitializeOnLoadAttributes (1051ms)
				ProcessInitializeOnLoadMethodAttributes (57ms)
				AfterProcessingInitializeOnLoad (27ms)
				EditorAssembliesLoaded (1ms)
			ExecutionOrderSort2 (0ms)
			AwakeInstancesAfterBackupRestoration (13ms)
Platform modules already initialized, skipping
Refreshing native plugins compatible for Editor in 1.79 ms, found 3 plugins.
Preloading 0 native plugins for Editor in 0.00 ms.
Unloading 2014 Unused Serialized files (Serialized files now loaded: 0)
System memory in use before: 93.1 MB.
System memory in use after: 93.1 MB.

Unloading 16 unused Assets to reduce memory usage. Loaded Objects now: 2478.
Total: 13.319072 ms (FindLiveObjects: 0.764090 ms CreateObjectMapping: 0.282065 ms MarkObjects: 11.808765 ms  DeleteObjects: 0.456890 ms)

AssetImportParameters requested are different than current active one (requested -> active):
  custom:framework-win-MediaFoundation: 216162199b28c13a410421893ffa2e32 -> 
  custom:video-decoder-ogg-theora: a1e56fd34408186e4bbccfd4996cb3dc -> 
  custom:container-muxer-webm: aa71ff27fc2769a1b78a27578f13a17b -> 
  custom:container-demuxer-webm: 4f35f7cbe854078d1ac9338744f61a02 -> 
  custom:container-demuxer-ogg: 62fdf1f143b41e24485cea50d1cbac27 -> 
  custom:video-encoder-webm-vp8: eb34c28f22e8b96e1ab97ce403110664 -> 
  custom:video-decoder-webm-vp8: 9c59270c3fd7afecdb556c50c9e8de78 -> 
  custom:audio-decoder-ogg-vorbis: bf7c407c2cedff20999df2af8eb42d56 -> 
  custom:audio-encoder-webm-vorbis: bf7c407c2cedff20999df2af8eb42d56 -> 
========================================================================
Received Prepare
Registering precompiled user dll's ...
Registered in 0.028814 seconds.
Begin MonoManager ReloadAssembly
Native extension for WindowsStandalone target not found
Refreshing native plugins compatible for Editor in 25.87 ms, found 3 plugins.
Preloading 0 native plugins for Editor in 0.00 ms.
Mono: successfully reloaded assembly
- Completed reload, in 19.201 seconds
Domain Reload Profiling:
	ReloadAssembly (19242ms)
		BeginReloadAssembly (4822ms)
			ExecutionOrderSort (43ms)
			DisableScriptedObjects (114ms)
			BackupInstance (0ms)
			ReleaseScriptingObjects (65ms)
			CreateAndSetChildDomain (1158ms)
		EndReloadAssembly (13343ms)
			LoadAssemblies (8928ms)
			RebuildTransferFunctionScriptingTraits (32ms)
			SetupTypeCache (2426ms)
			ReleaseScriptCaches (3ms)
			RebuildScriptCaches (308ms)
			SetupLoadedEditorAssemblies (2709ms)
				LogAssemblyErrors (0ms)
				InitializePlatformSupportModulesInManaged (60ms)
				SetLoadedEditorAssemblies (14ms)
				RefreshPlugins (26ms)
				BeforeProcessingInitializeOnLoad (357ms)
				ProcessInitializeOnLoadAttributes (2015ms)
				ProcessInitializeOnLoadMethodAttributes (136ms)
				AfterProcessingInitializeOnLoad (42ms)
				EditorAssembliesLoaded (58ms)
			ExecutionOrderSort2 (0ms)
			AwakeInstancesAfterBackupRestoration (13ms)
Platform modules already initialized, skipping
Refreshing native plugins compatible for Editor in 1.75 ms, found 3 plugins.
Preloading 0 native plugins for Editor in 0.00 ms.
Unloading 2014 Unused Serialized files (Serialized files now loaded: 0)
System memory in use before: 93.1 MB.
System memory in use after: 93.2 MB.

Unloading 16 unused Assets to reduce memory usage. Loaded Objects now: 2481.
Total: 146.426008 ms (FindLiveObjects: 17.287536 ms CreateObjectMapping: 0.454097 ms MarkObjects: 107.571361 ms  DeleteObjects: 21.107986 ms)

AssetImportParameters requested are different than current active one (requested -> active):
  custom:framework-win-MediaFoundation: 216162199b28c13a410421893ffa2e32 -> 
  custom:video-decoder-ogg-theora: a1e56fd34408186e4bbccfd4996cb3dc -> 
  custom:container-muxer-webm: aa71ff27fc2769a1b78a27578f13a17b -> 
  custom:container-demuxer-webm: 4f35f7cbe854078d1ac9338744f61a02 -> 
  custom:container-demuxer-ogg: 62fdf1f143b41e24485cea50d1cbac27 -> 
  custom:video-encoder-webm-vp8: eb34c28f22e8b96e1ab97ce403110664 -> 
  custom:video-decoder-webm-vp8: 9c59270c3fd7afecdb556c50c9e8de78 -> 
  custom:audio-decoder-ogg-vorbis: bf7c407c2cedff20999df2af8eb42d56 -> 
  custom:audio-encoder-webm-vorbis: bf7c407c2cedff20999df2af8eb42d56 -> 
========================================================================
Received Prepare
Registering precompiled user dll's ...
Registered in 0.021458 seconds.
Begin MonoManager ReloadAssembly
Native extension for WindowsStandalone target not found
Refreshing native plugins compatible for Editor in 2.25 ms, found 3 plugins.
Preloading 0 native plugins for Editor in 0.00 ms.
Mono: successfully reloaded assembly
- Completed reload, in  7.006 seconds
Domain Reload Profiling:
	ReloadAssembly (7008ms)
		BeginReloadAssembly (702ms)
			ExecutionOrderSort (0ms)
			DisableScriptedObjects (70ms)
			BackupInstance (0ms)
			ReleaseScriptingObjects (0ms)
			CreateAndSetChildDomain (195ms)
		EndReloadAssembly (5691ms)
			LoadAssemblies (681ms)
			RebuildTransferFunctionScriptingTraits (0ms)
			SetupTypeCache (2203ms)
			ReleaseScriptCaches (5ms)
			RebuildScriptCaches (330ms)
			SetupLoadedEditorAssemblies (1862ms)
				LogAssemblyErrors (0ms)
				InitializePlatformSupportModulesInManaged (29ms)
				SetLoadedEditorAssemblies (3ms)
				RefreshPlugins (3ms)
				BeforeProcessingInitializeOnLoad (341ms)
				ProcessInitializeOnLoadAttributes (1374ms)
				ProcessInitializeOnLoadMethodAttributes (77ms)
				AfterProcessingInitializeOnLoad (34ms)
				EditorAssembliesLoaded (1ms)
			ExecutionOrderSort2 (0ms)
			AwakeInstancesAfterBackupRestoration (16ms)
Platform modules already initialized, skipping
Refreshing native plugins compatible for Editor in 3.05 ms, found 3 plugins.
Preloading 0 native plugins for Editor in 0.00 ms.
Unloading 2014 Unused Serialized files (Serialized files now loaded: 0)
System memory in use before: 93.1 MB.
System memory in use after: 93.2 MB.

Unloading 16 unused Assets to reduce memory usage. Loaded Objects now: 2484.
Total: 22.910412 ms (FindLiveObjects: 1.217629 ms CreateObjectMapping: 0.568599 ms MarkObjects: 20.574017 ms  DeleteObjects: 0.543465 ms)

AssetImportParameters requested are different than current active one (requested -> active):
  custom:framework-win-MediaFoundation: 216162199b28c13a410421893ffa2e32 -> 
  custom:video-decoder-ogg-theora: a1e56fd34408186e4bbccfd4996cb3dc -> 
  custom:container-muxer-webm: aa71ff27fc2769a1b78a27578f13a17b -> 
  custom:container-demuxer-webm: 4f35f7cbe854078d1ac9338744f61a02 -> 
  custom:container-demuxer-ogg: 62fdf1f143b41e24485cea50d1cbac27 -> 
  custom:video-encoder-webm-vp8: eb34c28f22e8b96e1ab97ce403110664 -> 
  custom:video-decoder-webm-vp8: 9c59270c3fd7afecdb556c50c9e8de78 -> 
  custom:audio-decoder-ogg-vorbis: bf7c407c2cedff20999df2af8eb42d56 -> 
  custom:audio-encoder-webm-vorbis: bf7c407c2cedff20999df2af8eb42d56 -> 
========================================================================
Received Prepare
Registering precompiled user dll's ...
Registered in 0.014404 seconds.
Begin MonoManager ReloadAssembly
Native extension for WindowsStandalone target not found
Refreshing native plugins compatible for Editor in 1.68 ms, found 3 plugins.
Preloading 0 native plugins for Editor in 0.00 ms.
Mono: successfully reloaded assembly
- Completed reload, in  5.414 seconds
Domain Reload Profiling:
	ReloadAssembly (5416ms)
		BeginReloadAssembly (519ms)
			ExecutionOrderSort (0ms)
			DisableScriptedObjects (36ms)
			BackupInstance (0ms)
			ReleaseScriptingObjects (0ms)
			CreateAndSetChildDomain (147ms)
		EndReloadAssembly (4554ms)
			LoadAssemblies (496ms)
			RebuildTransferFunctionScriptingTraits (0ms)
			SetupTypeCache (1747ms)
			ReleaseScriptCaches (3ms)
			RebuildScriptCaches (259ms)
			SetupLoadedEditorAssemblies (1458ms)
				LogAssemblyErrors (0ms)
				InitializePlatformSupportModulesInManaged (20ms)
				SetLoadedEditorAssemblies (2ms)
				RefreshPlugins (2ms)
				BeforeProcessingInitializeOnLoad (276ms)
				ProcessInitializeOnLoadAttributes (1069ms)
				ProcessInitializeOnLoadMethodAttributes (57ms)
				AfterProcessingInitializeOnLoad (30ms)
				EditorAssembliesLoaded (1ms)
			ExecutionOrderSort2 (0ms)
			AwakeInstancesAfterBackupRestoration (14ms)
Platform modules already initialized, skipping
Refreshing native plugins compatible for Editor in 1.76 ms, found 3 plugins.
Preloading 0 native plugins for Editor in 0.00 ms.
Unloading 2014 Unused Serialized files (Serialized files now loaded: 0)
System memory in use before: 93.1 MB.
System memory in use after: 93.2 MB.

Unloading 16 unused Assets to reduce memory usage. Loaded Objects now: 2487.
Total: 12.289114 ms (FindLiveObjects: 0.784756 ms CreateObjectMapping: 0.341271 ms MarkObjects: 10.890517 ms  DeleteObjects: 0.267543 ms)

AssetImportParameters requested are different than current active one (requested -> active):
  custom:framework-win-MediaFoundation: 216162199b28c13a410421893ffa2e32 -> 
  custom:video-decoder-ogg-theora: a1e56fd34408186e4bbccfd4996cb3dc -> 
  custom:container-muxer-webm: aa71ff27fc2769a1b78a27578f13a17b -> 
  custom:container-demuxer-webm: 4f35f7cbe854078d1ac9338744f61a02 -> 
  custom:container-demuxer-ogg: 62fdf1f143b41e24485cea50d1cbac27 -> 
  custom:video-encoder-webm-vp8: eb34c28f22e8b96e1ab97ce403110664 -> 
  custom:video-decoder-webm-vp8: 9c59270c3fd7afecdb556c50c9e8de78 -> 
  custom:audio-decoder-ogg-vorbis: bf7c407c2cedff20999df2af8eb42d56 -> 
  custom:audio-encoder-webm-vorbis: bf7c407c2cedff20999df2af8eb42d56 -> 
========================================================================
Received Prepare
Registering precompiled user dll's ...
Registered in 0.013895 seconds.
Begin MonoManager ReloadAssembly
Native extension for WindowsStandalone target not found
Refreshing native plugins compatible for Editor in 1.75 ms, found 3 plugins.
Preloading 0 native plugins for Editor in 0.00 ms.
Mono: successfully reloaded assembly
- Completed reload, in  5.146 seconds
Domain Reload Profiling:
	ReloadAssembly (5148ms)
		BeginReloadAssembly (475ms)
			ExecutionOrderSort (0ms)
			DisableScriptedObjects (32ms)
			BackupInstance (0ms)
			ReleaseScriptingObjects (0ms)
			CreateAndSetChildDomain (117ms)
		EndReloadAssembly (4331ms)
			LoadAssemblies (482ms)
			RebuildTransferFunctionScriptingTraits (0ms)
			SetupTypeCache (1652ms)
			ReleaseScriptCaches (3ms)
			RebuildScriptCaches (250ms)
			SetupLoadedEditorAssemblies (1483ms)
				LogAssemblyErrors (0ms)
				InitializePlatformSupportModulesInManaged (21ms)
				SetLoadedEditorAssemblies (2ms)
				RefreshPlugins (2ms)
				BeforeProcessingInitializeOnLoad (279ms)
				ProcessInitializeOnLoadAttributes (1091ms)
				ProcessInitializeOnLoadMethodAttributes (58ms)
				AfterProcessingInitializeOnLoad (29ms)
				EditorAssembliesLoaded (1ms)
			ExecutionOrderSort2 (0ms)
			AwakeInstancesAfterBackupRestoration (13ms)
Platform modules already initialized, skipping
Refreshing native plugins compatible for Editor in 1.84 ms, found 3 plugins.
Preloading 0 native plugins for Editor in 0.00 ms.
Unloading 2014 Unused Serialized files (Serialized files now loaded: 0)
System memory in use before: 93.1 MB.
System memory in use after: 93.2 MB.

Unloading 16 unused Assets to reduce memory usage. Loaded Objects now: 2490.
Total: 13.662019 ms (FindLiveObjects: 0.967959 ms CreateObjectMapping: 0.444044 ms MarkObjects: 11.978004 ms  DeleteObjects: 0.269219 ms)

AssetImportParameters requested are different than current active one (requested -> active):
  custom:framework-win-MediaFoundation: 216162199b28c13a410421893ffa2e32 -> 
  custom:video-decoder-ogg-theora: a1e56fd34408186e4bbccfd4996cb3dc -> 
  custom:container-muxer-webm: aa71ff27fc2769a1b78a27578f13a17b -> 
  custom:container-demuxer-webm: 4f35f7cbe854078d1ac9338744f61a02 -> 
  custom:container-demuxer-ogg: 62fdf1f143b41e24485cea50d1cbac27 -> 
  custom:video-encoder-webm-vp8: eb34c28f22e8b96e1ab97ce403110664 -> 
  custom:video-decoder-webm-vp8: 9c59270c3fd7afecdb556c50c9e8de78 -> 
  custom:audio-decoder-ogg-vorbis: bf7c407c2cedff20999df2af8eb42d56 -> 
  custom:audio-encoder-webm-vorbis: bf7c407c2cedff20999df2af8eb42d56 -> 
========================================================================
Received Import Request.
  Time since last request: 5621.145112 seconds.
  path: Assets/VidaPlayer.cs
  artifactKey: Guid(716cb53296aa4744892992ed4787302b) Importer(815301076,1909f56bfc062723c751e8b465ee728b)
Start importing Assets/VidaPlayer.cs using Guid(716cb53296aa4744892992ed4787302b) Importer(815301076,1909f56bfc062723c751e8b465ee728b)  -> (artifact id: '6da41c76535580f803abd7ec5ddeaf6b') in 0.664942 seconds 
========================================================================
Received Import Request.
  Time since last request: 0.000715 seconds.
  path: Assets/TrampaQuitaVida.cs
  artifactKey: Guid(3a3dc246799c60047a2b25220f2e36e8) Importer(815301076,1909f56bfc062723c751e8b465ee728b)
Start importing Assets/TrampaQuitaVida.cs using Guid(3a3dc246799c60047a2b25220f2e36e8) Importer(815301076,1909f56bfc062723c751e8b465ee728b)  -> (artifact id: '3b667878637eabc74862d583c9f5eeaf') in 0.042189 seconds 
========================================================================
Received Import Request.
  Time since last request: 0.000946 seconds.
  path: Assets/PAUSE.cs
  artifactKey: Guid(a8de5f9f70f971945b4dcaceb9125481) Importer(815301076,1909f56bfc062723c751e8b465ee728b)
Start importing Assets/PAUSE.cs using Guid(a8de5f9f70f971945b4dcaceb9125481) Importer(815301076,1909f56bfc062723c751e8b465ee728b)  -> (artifact id: '5265d9455b8b6e4196f2d673039f10ff') in 0.027447 seconds 
========================================================================
Received Import Request.
  Time since last request: 1.202701 seconds.
  path: Assets/MetaScena.cs
  artifactKey: Guid(c12309b2761aafa41aa72c8f2a6009dc) Importer(815301076,1909f56bfc062723c751e8b465ee728b)
Start importing Assets/MetaScena.cs using Guid(c12309b2761aafa41aa72c8f2a6009dc) Importer(815301076,1909f56bfc062723c751e8b465ee728b)  -> (artifact id: 'deef189eeedfe206310f5ab0fbf2083e') in 0.008151 seconds 
========================================================================
Received Import Request.
  Time since last request: 10.306990 seconds.
  path: Assets/Scenes/Nivel 1.unity
  artifactKey: Guid(e44fe9689c455244a8be6909982de26e) Importer(815301076,1909f56bfc062723c751e8b465ee728b)
Start importing Assets/Scenes/Nivel 1.unity using Guid(e44fe9689c455244a8be6909982de26e) Importer(815301076,1909f56bfc062723c751e8b465ee728b)  -> (artifact id: 'c5461ac7db1d3b0837ffb0b3206e65c6') in 0.030872 seconds 
========================================================================
Received Import Request.
  Time since last request: 1.183924 seconds.
  path: Assets/Scenes/Movie Scene.unity
  artifactKey: Guid(6dd77d75c9d8b4f4d8f7f1803d59e577) Importer(815301076,1909f56bfc062723c751e8b465ee728b)
Start importing Assets/Scenes/Movie Scene.unity using Guid(6dd77d75c9d8b4f4d8f7f1803d59e577) Importer(815301076,1909f56bfc062723c751e8b465ee728b)  -> (artifact id: '6d6badbb60ad9c864047cff73533ae99') in 0.008659 seconds 
========================================================================
Received Import Request.
  Time since last request: 3.026831 seconds.
  path: Assets/Scenes/MenúScene.unity
  artifactKey: Guid(ff54f2d5ba4fa4f4faac2f05516da928) Importer(815301076,1909f56bfc062723c751e8b465ee728b)
Start importing Assets/Scenes/MenúScene.unity using Guid(ff54f2d5ba4fa4f4faac2f05516da928) Importer(815301076,1909f56bfc062723c751e8b465ee728b)  -> (artifact id: 'a623f8e47caff75c69185a6f3b38c46f') in 0.021820 seconds 
========================================================================
Received Import Request.
  Time since last request: 24.969853 seconds.
  path: Assets/Inported Assets/Corriendp Principe.anim
  artifactKey: Guid(326028c895d4c0c448ef5b67fc3c6dc3) Importer(815301076,1909f56bfc062723c751e8b465ee728b)
Start importing Assets/Inported Assets/Corriendp Principe.anim using Guid(326028c895d4c0c448ef5b67fc3c6dc3) Importer(815301076,1909f56bfc062723c751e8b465ee728b)  -> (artifact id: 'afe46ac3e5a644727b71d9fcbc275735') in 0.364382 seconds 
========================================================================
Received Import Request.
  Time since last request: 296.613222 seconds.
  path: Assets/Inported Assets/Saltando Principe.anim
  artifactKey: Guid(efd47692d3fc8e94e877f7a9d83f7153) Importer(815301076,1909f56bfc062723c751e8b465ee728b)
Start importing Assets/Inported Assets/Saltando Principe.anim using Guid(efd47692d3fc8e94e877f7a9d83f7153) Importer(815301076,1909f56bfc062723c751e8b465ee728b)  -> (artifact id: 'dad788c9aa03b2d069b0c1886bc1af42') in 0.137780 seconds 
========================================================================
Received Prepare
Registering precompiled user dll's ...
Registered in 0.015425 seconds.
Begin MonoManager ReloadAssembly
Native extension for WindowsStandalone target not found
Refreshing native plugins compatible for Editor in 1.73 ms, found 3 plugins.
Preloading 0 native plugins for Editor in 0.00 ms.
Mono: successfully reloaded assembly
- Completed reload, in  5.212 seconds
Domain Reload Profiling:
	ReloadAssembly (5214ms)
		BeginReloadAssembly (522ms)
			ExecutionOrderSort (0ms)
			DisableScriptedObjects (32ms)
			BackupInstance (0ms)
			ReleaseScriptingObjects (0ms)
			CreateAndSetChildDomain (167ms)
		EndReloadAssembly (4350ms)
			LoadAssemblies (482ms)
			RebuildTransferFunctionScriptingTraits (0ms)
			SetupTypeCache (1666ms)
			ReleaseScriptCaches (3ms)
			RebuildScriptCaches (258ms)
			SetupLoadedEditorAssemblies (1461ms)
				LogAssemblyErrors (0ms)
				InitializePlatformSupportModulesInManaged (22ms)
				SetLoadedEditorAssemblies (2ms)
				RefreshPlugins (2ms)
				BeforeProcessingInitializeOnLoad (272ms)
				ProcessInitializeOnLoadAttributes (1080ms)
				ProcessInitializeOnLoadMethodAttributes (56ms)
				AfterProcessingInitializeOnLoad (27ms)
				EditorAssembliesLoaded (1ms)
			ExecutionOrderSort2 (0ms)
			AwakeInstancesAfterBackupRestoration (12ms)
Platform modules already initialized, skipping
Refreshing native plugins compatible for Editor in 2.08 ms, found 3 plugins.
Preloading 0 native plugins for Editor in 0.00 ms.
Unloading 2014 Unused Serialized files (Serialized files now loaded: 0)
System memory in use before: 93.2 MB.
System memory in use after: 93.2 MB.

Unloading 16 unused Assets to reduce memory usage. Loaded Objects now: 2493.
Total: 13.862536 ms (FindLiveObjects: 0.857926 ms CreateObjectMapping: 0.392099 ms MarkObjects: 12.348879 ms  DeleteObjects: 0.260841 ms)

AssetImportParameters requested are different than current active one (requested -> active):
  custom:framework-win-MediaFoundation: 216162199b28c13a410421893ffa2e32 -> 
  custom:video-decoder-ogg-theora: a1e56fd34408186e4bbccfd4996cb3dc -> 
  custom:container-muxer-webm: aa71ff27fc2769a1b78a27578f13a17b -> 
  custom:container-demuxer-webm: 4f35f7cbe854078d1ac9338744f61a02 -> 
  custom:container-demuxer-ogg: 62fdf1f143b41e24485cea50d1cbac27 -> 
  custom:video-encoder-webm-vp8: eb34c28f22e8b96e1ab97ce403110664 -> 
  custom:video-decoder-webm-vp8: 9c59270c3fd7afecdb556c50c9e8de78 -> 
  custom:audio-decoder-ogg-vorbis: bf7c407c2cedff20999df2af8eb42d56 -> 
  custom:audio-encoder-webm-vorbis: bf7c407c2cedff20999df2af8eb42d56 -> 
========================================================================
Received Import Request.
  Time since last request: 303.777488 seconds.
  path: Assets/Inported Assets/Quieto principe.anim
  artifactKey: Guid(d4ba51dae357c524fa7ebf84289d36d7) Importer(815301076,1909f56bfc062723c751e8b465ee728b)
Start importing Assets/Inported Assets/Quieto principe.anim using Guid(d4ba51dae357c524fa7ebf84289d36d7) Importer(815301076,1909f56bfc062723c751e8b465ee728b)  -> (artifact id: 'dd41ad085e555db8adf50b3912907863') in 0.070445 seconds 
========================================================================
Received Import Request.
  Time since last request: 46.030939 seconds.
  path: Assets/Inported Assets/Saltando Principe.anim
  artifactKey: Guid(efd47692d3fc8e94e877f7a9d83f7153) Importer(815301076,1909f56bfc062723c751e8b465ee728b)
Start importing Assets/Inported Assets/Saltando Principe.anim using Guid(efd47692d3fc8e94e877f7a9d83f7153) Importer(815301076,1909f56bfc062723c751e8b465ee728b)  -> (artifact id: '9f082dc66f3dbc5956a3c2e64fe47322') in 0.009518 seconds 
========================================================================
Received Import Request.
  Time since last request: 221.275747 seconds.
  path: Assets/Inported Assets/Main Camera.controller
  artifactKey: Guid(5c4b3f7e35414764a84c9db1f55694d4) Importer(815301076,1909f56bfc062723c751e8b465ee728b)
Start importing Assets/Inported Assets/Main Camera.controller using Guid(5c4b3f7e35414764a84c9db1f55694d4) Importer(815301076,1909f56bfc062723c751e8b465ee728b)  -> (artifact id: '9da8e3dbb2d45403713760ca517ecb0b') in 0.151972 seconds 
========================================================================
Received Import Request.
  Time since last request: 10.752474 seconds.
  path: Assets/Inported Assets/Corriendp Principe.anim
  artifactKey: Guid(326028c895d4c0c448ef5b67fc3c6dc3) Importer(815301076,1909f56bfc062723c751e8b465ee728b)
Start importing Assets/Inported Assets/Corriendp Principe.anim using Guid(326028c895d4c0c448ef5b67fc3c6dc3) Importer(815301076,1909f56bfc062723c751e8b465ee728b)  -> (artifact id: '52d8e0815d0120317fdfd67ac39c481e') in 0.009971 seconds 
========================================================================
Received Import Request.
  Time since last request: 0.709202 seconds.
  path: Assets/Inported Assets/Quieto principe.anim
  artifactKey: Guid(d4ba51dae357c524fa7ebf84289d36d7) Importer(815301076,1909f56bfc062723c751e8b465ee728b)
Start importing Assets/Inported Assets/Quieto principe.anim using Guid(d4ba51dae357c524fa7ebf84289d36d7) Importer(815301076,1909f56bfc062723c751e8b465ee728b)  -> (artifact id: 'a4edfe1e9a82fea27f2dac66bdf354fc') in 0.009761 seconds 
========================================================================
Received Prepare
Registering precompiled user dll's ...
Registered in 0.015535 seconds.
Begin MonoManager ReloadAssembly
Native extension for WindowsStandalone target not found
Refreshing native plugins compatible for Editor in 1.74 ms, found 3 plugins.
Preloading 0 native plugins for Editor in 0.00 ms.
Mono: successfully reloaded assembly
- Completed reload, in  5.965 seconds
Domain Reload Profiling:
	ReloadAssembly (5967ms)
		BeginReloadAssembly (603ms)
			ExecutionOrderSort (0ms)
			DisableScriptedObjects (41ms)
			BackupInstance (0ms)
			ReleaseScriptingObjects (0ms)
			CreateAndSetChildDomain (146ms)
		EndReloadAssembly (4792ms)
			LoadAssemblies (589ms)
			RebuildTransferFunctionScriptingTraits (0ms)
			SetupTypeCache (1971ms)
			ReleaseScriptCaches (4ms)
			RebuildScriptCaches (266ms)
			SetupLoadedEditorAssemblies (1532ms)
				LogAssemblyErrors (0ms)
				InitializePlatformSupportModulesInManaged (24ms)
				SetLoadedEditorAssemblies (3ms)
				RefreshPlugins (2ms)
				BeforeProcessingInitializeOnLoad (311ms)
				ProcessInitializeOnLoadAttributes (1103ms)
				ProcessInitializeOnLoadMethodAttributes (60ms)
				AfterProcessingInitializeOnLoad (30ms)
				EditorAssembliesLoaded (1ms)
			ExecutionOrderSort2 (0ms)
			AwakeInstancesAfterBackupRestoration (13ms)
Platform modules already initialized, skipping
Refreshing native plugins compatible for Editor in 1.91 ms, found 3 plugins.
Preloading 0 native plugins for Editor in 0.00 ms.
Unloading 2014 Unused Serialized files (Serialized files now loaded: 0)
System memory in use before: 93.2 MB.
System memory in use after: 93.2 MB.

Unloading 16 unused Assets to reduce memory usage. Loaded Objects now: 2496.
Total: 17.593061 ms (FindLiveObjects: 0.998679 ms CreateObjectMapping: 0.381486 ms MarkObjects: 15.833643 ms  DeleteObjects: 0.374784 ms)

AssetImportParameters requested are different than current active one (requested -> active):
  custom:framework-win-MediaFoundation: 216162199b28c13a410421893ffa2e32 -> 
  custom:video-decoder-ogg-theora: a1e56fd34408186e4bbccfd4996cb3dc -> 
  custom:container-muxer-webm: aa71ff27fc2769a1b78a27578f13a17b -> 
  custom:container-demuxer-webm: 4f35f7cbe854078d1ac9338744f61a02 -> 
  custom:container-demuxer-ogg: 62fdf1f143b41e24485cea50d1cbac27 -> 
  custom:video-encoder-webm-vp8: eb34c28f22e8b96e1ab97ce403110664 -> 
  custom:video-decoder-webm-vp8: 9c59270c3fd7afecdb556c50c9e8de78 -> 
  custom:audio-decoder-ogg-vorbis: bf7c407c2cedff20999df2af8eb42d56 -> 
  custom:audio-encoder-webm-vorbis: bf7c407c2cedff20999df2af8eb42d56 -> 
========================================================================
Received Import Request.
  Time since last request: 225.358855 seconds.
  path: Assets/Inported Assets/Corriendo principe.anim
  artifactKey: Guid(b2d02af84903ebe48b1a9b9492da2ee3) Importer(815301076,1909f56bfc062723c751e8b465ee728b)
Start importing Assets/Inported Assets/Corriendo principe.anim using Guid(b2d02af84903ebe48b1a9b9492da2ee3) Importer(815301076,1909f56bfc062723c751e8b465ee728b)  -> (artifact id: '3f0409d4a5c85b1933827f7b6627fb57') in 0.131527 seconds 
========================================================================
Received Prepare
Registering precompiled user dll's ...
Registered in 0.014721 seconds.
Begin MonoManager ReloadAssembly
Native extension for WindowsStandalone target not found
Refreshing native plugins compatible for Editor in 1.69 ms, found 3 plugins.
Preloading 0 native plugins for Editor in 0.00 ms.
Mono: successfully reloaded assembly
- Completed reload, in  5.224 seconds
Domain Reload Profiling:
	ReloadAssembly (5226ms)
		BeginReloadAssembly (495ms)
			ExecutionOrderSort (0ms)
			DisableScriptedObjects (36ms)
			BackupInstance (0ms)
			ReleaseScriptingObjects (0ms)
			CreateAndSetChildDomain (119ms)
		EndReloadAssembly (4391ms)
			LoadAssemblies (490ms)
			RebuildTransferFunctionScriptingTraits (0ms)
			SetupTypeCache (1734ms)
			ReleaseScriptCaches (4ms)
			RebuildScriptCaches (281ms)
			SetupLoadedEditorAssemblies (1402ms)
				LogAssemblyErrors (0ms)
				InitializePlatformSupportModulesInManaged (20ms)
				SetLoadedEditorAssemblies (2ms)
				RefreshPlugins (2ms)
				BeforeProcessingInitializeOnLoad (273ms)
				ProcessInitializeOnLoadAttributes (1020ms)
				ProcessInitializeOnLoadMethodAttributes (55ms)
				AfterProcessingInitializeOnLoad (29ms)
				EditorAssembliesLoaded (1ms)
			ExecutionOrderSort2 (0ms)
			AwakeInstancesAfterBackupRestoration (13ms)
Platform modules already initialized, skipping
Refreshing native plugins compatible for Editor in 1.79 ms, found 3 plugins.
Preloading 0 native plugins for Editor in 0.00 ms.
Unloading 2014 Unused Serialized files (Serialized files now loaded: 0)
System memory in use before: 93.2 MB.
System memory in use after: 93.2 MB.

Unloading 16 unused Assets to reduce memory usage. Loaded Objects now: 2499.
Total: 13.403971 ms (FindLiveObjects: 0.835025 ms CreateObjectMapping: 0.394333 ms MarkObjects: 11.041324 ms  DeleteObjects: 1.127703 ms)

AssetImportParameters requested are different than current active one (requested -> active):
  custom:framework-win-MediaFoundation: 216162199b28c13a410421893ffa2e32 -> 
  custom:video-decoder-ogg-theora: a1e56fd34408186e4bbccfd4996cb3dc -> 
  custom:container-muxer-webm: aa71ff27fc2769a1b78a27578f13a17b -> 
  custom:container-demuxer-webm: 4f35f7cbe854078d1ac9338744f61a02 -> 
  custom:container-demuxer-ogg: 62fdf1f143b41e24485cea50d1cbac27 -> 
  custom:video-encoder-webm-vp8: eb34c28f22e8b96e1ab97ce403110664 -> 
  custom:video-decoder-webm-vp8: 9c59270c3fd7afecdb556c50c9e8de78 -> 
  custom:audio-decoder-ogg-vorbis: bf7c407c2cedff20999df2af8eb42d56 -> 
  custom:audio-encoder-webm-vorbis: bf7c407c2cedff20999df2af8eb42d56 -> 
========================================================================
Received Import Request.
  Time since last request: 1698.582310 seconds.
  path: Assets/Inported Assets/Main Camera.controller
  artifactKey: Guid(5c4b3f7e35414764a84c9db1f55694d4) Importer(815301076,1909f56bfc062723c751e8b465ee728b)
Start importing Assets/Inported Assets/Main Camera.controller using Guid(5c4b3f7e35414764a84c9db1f55694d4) Importer(815301076,1909f56bfc062723c751e8b465ee728b)  -> (artifact id: '6479859a195b1b5c3b4b308c0dcc7b59') in 0.079224 seconds 
========================================================================
Received Prepare
Registering precompiled user dll's ...
Registered in 0.013851 seconds.
Begin MonoManager ReloadAssembly
Native extension for WindowsStandalone target not found
Refreshing native plugins compatible for Editor in 1.84 ms, found 3 plugins.
Preloading 0 native plugins for Editor in 0.00 ms.
Mono: successfully reloaded assembly
- Completed reload, in  5.333 seconds
Domain Reload Profiling:
	ReloadAssembly (5334ms)
		BeginReloadAssembly (532ms)
			ExecutionOrderSort (0ms)
			DisableScriptedObjects (32ms)
			BackupInstance (0ms)
			ReleaseScriptingObjects (0ms)
			CreateAndSetChildDomain (147ms)
		EndReloadAssembly (4455ms)
			LoadAssemblies (510ms)
			RebuildTransferFunctionScriptingTraits (0ms)
			SetupTypeCache (1724ms)
			ReleaseScriptCaches (3ms)
			RebuildScriptCaches (260ms)
			SetupLoadedEditorAssemblies (1498ms)
				LogAssemblyErrors (0ms)
				InitializePlatformSupportModulesInManaged (21ms)
				SetLoadedEditorAssemblies (2ms)
				RefreshPlugins (2ms)
				BeforeProcessingInitializeOnLoad (281ms)
				ProcessInitializeOnLoadAttributes (1104ms)
				ProcessInitializeOnLoadMethodAttributes (58ms)
				AfterProcessingInitializeOnLoad (29ms)
				EditorAssembliesLoaded (1ms)
			ExecutionOrderSort2 (0ms)
			AwakeInstancesAfterBackupRestoration (14ms)
Platform modules already initialized, skipping
Refreshing native plugins compatible for Editor in 1.77 ms, found 3 plugins.
Preloading 0 native plugins for Editor in 0.00 ms.
Unloading 2014 Unused Serialized files (Serialized files now loaded: 0)
System memory in use before: 93.2 MB.
System memory in use after: 93.3 MB.

Unloading 16 unused Assets to reduce memory usage. Loaded Objects now: 2502.
Total: 13.014665 ms (FindLiveObjects: 1.163450 ms CreateObjectMapping: 0.308317 ms MarkObjects: 10.863148 ms  DeleteObjects: 0.675281 ms)

AssetImportParameters requested are different than current active one (requested -> active):
  custom:framework-win-MediaFoundation: 216162199b28c13a410421893ffa2e32 -> 
  custom:video-decoder-ogg-theora: a1e56fd34408186e4bbccfd4996cb3dc -> 
  custom:container-muxer-webm: aa71ff27fc2769a1b78a27578f13a17b -> 
  custom:container-demuxer-webm: 4f35f7cbe854078d1ac9338744f61a02 -> 
  custom:container-demuxer-ogg: 62fdf1f143b41e24485cea50d1cbac27 -> 
  custom:video-encoder-webm-vp8: eb34c28f22e8b96e1ab97ce403110664 -> 
  custom:video-decoder-webm-vp8: 9c59270c3fd7afecdb556c50c9e8de78 -> 
  custom:audio-decoder-ogg-vorbis: bf7c407c2cedff20999df2af8eb42d56 -> 
  custom:audio-encoder-webm-vorbis: bf7c407c2cedff20999df2af8eb42d56 -> 
========================================================================
Received Prepare
Registering precompiled user dll's ...
Registered in 0.018422 seconds.
Begin MonoManager ReloadAssembly
Native extension for WindowsStandalone target not found
Refreshing native plugins compatible for Editor in 1.70 ms, found 3 plugins.
Preloading 0 native plugins for Editor in 0.00 ms.
Mono: successfully reloaded assembly
- Completed reload, in  6.094 seconds
Domain Reload Profiling:
	ReloadAssembly (6095ms)
		BeginReloadAssembly (643ms)
			ExecutionOrderSort (0ms)
			DisableScriptedObjects (43ms)
			BackupInstance (0ms)
			ReleaseScriptingObjects (0ms)
			CreateAndSetChildDomain (204ms)
		EndReloadAssembly (5061ms)
			LoadAssemblies (558ms)
			RebuildTransferFunctionScriptingTraits (0ms)
			SetupTypeCache (1760ms)
			ReleaseScriptCaches (3ms)
			RebuildScriptCaches (255ms)
			SetupLoadedEditorAssemblies (2051ms)
				LogAssemblyErrors (0ms)
				InitializePlatformSupportModulesInManaged (20ms)
				SetLoadedEditorAssemblies (2ms)
				RefreshPlugins (2ms)
				BeforeProcessingInitializeOnLoad (273ms)
				ProcessInitializeOnLoadAttributes (1628ms)
				ProcessInitializeOnLoadMethodAttributes (84ms)
				AfterProcessingInitializeOnLoad (41ms)
				EditorAssembliesLoaded (1ms)
			ExecutionOrderSort2 (0ms)
			AwakeInstancesAfterBackupRestoration (15ms)
Platform modules already initialized, skipping
Refreshing native plugins compatible for Editor in 2.03 ms, found 3 plugins.
Preloading 0 native plugins for Editor in 0.00 ms.
Unloading 2014 Unused Serialized files (Serialized files now loaded: 0)
System memory in use before: 93.2 MB.
System memory in use after: 93.3 MB.

Unloading 16 unused Assets to reduce memory usage. Loaded Objects now: 2505.
Total: 14.909809 ms (FindLiveObjects: 0.875799 ms CreateObjectMapping: 0.406621 ms MarkObjects: 13.099563 ms  DeleteObjects: 0.523357 ms)

AssetImportParameters requested are different than current active one (requested -> active):
  custom:framework-win-MediaFoundation: 216162199b28c13a410421893ffa2e32 -> 
  custom:video-decoder-ogg-theora: a1e56fd34408186e4bbccfd4996cb3dc -> 
  custom:container-muxer-webm: aa71ff27fc2769a1b78a27578f13a17b -> 
  custom:container-demuxer-webm: 4f35f7cbe854078d1ac9338744f61a02 -> 
  custom:container-demuxer-ogg: 62fdf1f143b41e24485cea50d1cbac27 -> 
  custom:video-encoder-webm-vp8: eb34c28f22e8b96e1ab97ce403110664 -> 
  custom:video-decoder-webm-vp8: 9c59270c3fd7afecdb556c50c9e8de78 -> 
  custom:audio-decoder-ogg-vorbis: bf7c407c2cedff20999df2af8eb42d56 -> 
  custom:audio-encoder-webm-vorbis: bf7c407c2cedff20999df2af8eb42d56 -> 
========================================================================
Received Prepare
Registering precompiled user dll's ...
Registered in 0.014234 seconds.
Begin MonoManager ReloadAssembly
Native extension for WindowsStandalone target not found
Refreshing native plugins compatible for Editor in 1.72 ms, found 3 plugins.
Preloading 0 native plugins for Editor in 0.00 ms.
Mono: successfully reloaded assembly
- Completed reload, in  6.553 seconds
Domain Reload Profiling:
	ReloadAssembly (6555ms)
		BeginReloadAssembly (633ms)
			ExecutionOrderSort (0ms)
			DisableScriptedObjects (46ms)
			BackupInstance (0ms)
			ReleaseScriptingObjects (0ms)
			CreateAndSetChildDomain (155ms)
		EndReloadAssembly (5188ms)
			LoadAssemblies (730ms)
			RebuildTransferFunctionScriptingTraits (0ms)
			SetupTypeCache (1838ms)
			ReleaseScriptCaches (3ms)
			RebuildScriptCaches (293ms)
			SetupLoadedEditorAssemblies (1819ms)
				LogAssemblyErrors (0ms)
				InitializePlatformSupportModulesInManaged (20ms)
				SetLoadedEditorAssemblies (2ms)
				RefreshPlugins (2ms)
				BeforeProcessingInitializeOnLoad (278ms)
				ProcessInitializeOnLoadAttributes (1434ms)
				ProcessInitializeOnLoadMethodAttributes (54ms)
				AfterProcessingInitializeOnLoad (28ms)
				EditorAssembliesLoaded (1ms)
			ExecutionOrderSort2 (0ms)
			AwakeInstancesAfterBackupRestoration (55ms)
Platform modules already initialized, skipping
Refreshing native plugins compatible for Editor in 2.04 ms, found 3 plugins.
Preloading 0 native plugins for Editor in 0.00 ms.
Unloading 2014 Unused Serialized files (Serialized files now loaded: 0)
System memory in use before: 93.2 MB.
System memory in use after: 93.3 MB.

Unloading 16 unused Assets to reduce memory usage. Loaded Objects now: 2508.
Total: 17.546701 ms (FindLiveObjects: 3.104953 ms CreateObjectMapping: 0.864628 ms MarkObjects: 12.880055 ms  DeleteObjects: 0.692038 ms)

AssetImportParameters requested are different than current active one (requested -> active):
  custom:framework-win-MediaFoundation: 216162199b28c13a410421893ffa2e32 -> 
  custom:video-decoder-ogg-theora: a1e56fd34408186e4bbccfd4996cb3dc -> 
  custom:container-muxer-webm: aa71ff27fc2769a1b78a27578f13a17b -> 
  custom:container-demuxer-webm: 4f35f7cbe854078d1ac9338744f61a02 -> 
  custom:container-demuxer-ogg: 62fdf1f143b41e24485cea50d1cbac27 -> 
  custom:video-encoder-webm-vp8: eb34c28f22e8b96e1ab97ce403110664 -> 
  custom:video-decoder-webm-vp8: 9c59270c3fd7afecdb556c50c9e8de78 -> 
  custom:audio-decoder-ogg-vorbis: bf7c407c2cedff20999df2af8eb42d56 -> 
  custom:audio-encoder-webm-vorbis: bf7c407c2cedff20999df2af8eb42d56 -> 
========================================================================
Received Prepare
Registering precompiled user dll's ...
Registered in 0.013326 seconds.
Begin MonoManager ReloadAssembly
Native extension for WindowsStandalone target not found
Refreshing native plugins compatible for Editor in 1.68 ms, found 3 plugins.
Preloading 0 native plugins for Editor in 0.00 ms.
Mono: successfully reloaded assembly
- Completed reload, in  5.087 seconds
Domain Reload Profiling:
	ReloadAssembly (5088ms)
		BeginReloadAssembly (491ms)
			ExecutionOrderSort (0ms)
			DisableScriptedObjects (31ms)
			BackupInstance (0ms)
			ReleaseScriptingObjects (0ms)
			CreateAndSetChildDomain (129ms)
		EndReloadAssembly (4241ms)
			LoadAssemblies (469ms)
			RebuildTransferFunctionScriptingTraits (0ms)
			SetupTypeCache (1640ms)
			ReleaseScriptCaches (3ms)
			RebuildScriptCaches (250ms)
			SetupLoadedEditorAssemblies (1423ms)
				LogAssemblyErrors (0ms)
				InitializePlatformSupportModulesInManaged (20ms)
				SetLoadedEditorAssemblies (2ms)
				RefreshPlugins (2ms)
				BeforeProcessingInitializeOnLoad (335ms)
				ProcessInitializeOnLoadAttributes (982ms)
				ProcessInitializeOnLoadMethodAttributes (54ms)
				AfterProcessingInitializeOnLoad (28ms)
				EditorAssembliesLoaded (1ms)
			ExecutionOrderSort2 (0ms)
			AwakeInstancesAfterBackupRestoration (12ms)
Platform modules already initialized, skipping
Refreshing native plugins compatible for Editor in 1.77 ms, found 3 plugins.
Preloading 0 native plugins for Editor in 0.00 ms.
Unloading 2013 Unused Serialized files (Serialized files now loaded: 0)
System memory in use before: 93.2 MB.
System memory in use after: 93.2 MB.

Unloading 17 unused Assets to reduce memory usage. Loaded Objects now: 2510.
Total: 14.702030 ms (FindLiveObjects: 0.814359 ms CreateObjectMapping: 0.583121 ms MarkObjects: 13.009638 ms  DeleteObjects: 0.290444 ms)

AssetImportParameters requested are different than current active one (requested -> active):
  custom:framework-win-MediaFoundation: 216162199b28c13a410421893ffa2e32 -> 
  custom:video-decoder-ogg-theora: a1e56fd34408186e4bbccfd4996cb3dc -> 
  custom:container-muxer-webm: aa71ff27fc2769a1b78a27578f13a17b -> 
  custom:container-demuxer-webm: 4f35f7cbe854078d1ac9338744f61a02 -> 
  custom:container-demuxer-ogg: 62fdf1f143b41e24485cea50d1cbac27 -> 
  custom:video-encoder-webm-vp8: eb34c28f22e8b96e1ab97ce403110664 -> 
  custom:video-decoder-webm-vp8: 9c59270c3fd7afecdb556c50c9e8de78 -> 
  custom:audio-decoder-ogg-vorbis: bf7c407c2cedff20999df2af8eb42d56 -> 
  custom:audio-encoder-webm-vorbis: bf7c407c2cedff20999df2af8eb42d56 -> 
========================================================================
Received Import Request.
  Time since last request: 2224.738449 seconds.
  path: Assets/Inported Assets/Main Camera.controller
  artifactKey: Guid(5c4b3f7e35414764a84c9db1f55694d4) Importer(815301076,1909f56bfc062723c751e8b465ee728b)
Start importing Assets/Inported Assets/Main Camera.controller using Guid(5c4b3f7e35414764a84c9db1f55694d4) Importer(815301076,1909f56bfc062723c751e8b465ee728b)  -> (artifact id: '605175b2de46b5b1e2ab18945e233352') in 0.076122 seconds 
========================================================================
Received Prepare
Registering precompiled user dll's ...
Registered in 0.014308 seconds.
Begin MonoManager ReloadAssembly
Native extension for WindowsStandalone target not found
Refreshing native plugins compatible for Editor in 1.78 ms, found 3 plugins.
Preloading 0 native plugins for Editor in 0.00 ms.
Mono: successfully reloaded assembly
- Completed reload, in  5.208 seconds
Domain Reload Profiling:
	ReloadAssembly (5210ms)
		BeginReloadAssembly (480ms)
			ExecutionOrderSort (0ms)
			DisableScriptedObjects (35ms)
			BackupInstance (0ms)
			ReleaseScriptingObjects (0ms)
			CreateAndSetChildDomain (116ms)
		EndReloadAssembly (4382ms)
			LoadAssemblies (488ms)
			RebuildTransferFunctionScriptingTraits (0ms)
			SetupTypeCache (1740ms)
			ReleaseScriptCaches (3ms)
			RebuildScriptCaches (266ms)
			SetupLoadedEditorAssemblies (1413ms)
				LogAssemblyErrors (0ms)
				InitializePlatformSupportModulesInManaged (20ms)
				SetLoadedEditorAssemblies (2ms)
				RefreshPlugins (2ms)
				BeforeProcessingInitializeOnLoad (273ms)
				ProcessInitializeOnLoadAttributes (1033ms)
				ProcessInitializeOnLoadMethodAttributes (53ms)
				AfterProcessingInitializeOnLoad (29ms)
				EditorAssembliesLoaded (1ms)
			ExecutionOrderSort2 (0ms)
			AwakeInstancesAfterBackupRestoration (13ms)
Platform modules already initialized, skipping
Refreshing native plugins compatible for Editor in 1.82 ms, found 3 plugins.
Preloading 0 native plugins for Editor in 0.00 ms.
Unloading 2014 Unused Serialized files (Serialized files now loaded: 0)
System memory in use before: 93.2 MB.
System memory in use after: 93.3 MB.

Unloading 16 unused Assets to reduce memory usage. Loaded Objects now: 2514.
Total: 22.549033 ms (FindLiveObjects: 0.732811 ms CreateObjectMapping: 0.279831 ms MarkObjects: 11.207212 ms  DeleteObjects: 10.324152 ms)

AssetImportParameters requested are different than current active one (requested -> active):
  custom:framework-win-MediaFoundation: 216162199b28c13a410421893ffa2e32 -> 
  custom:video-decoder-ogg-theora: a1e56fd34408186e4bbccfd4996cb3dc -> 
  custom:container-muxer-webm: aa71ff27fc2769a1b78a27578f13a17b -> 
  custom:container-demuxer-webm: 4f35f7cbe854078d1ac9338744f61a02 -> 
  custom:container-demuxer-ogg: 62fdf1f143b41e24485cea50d1cbac27 -> 
  custom:video-encoder-webm-vp8: eb34c28f22e8b96e1ab97ce403110664 -> 
  custom:video-decoder-webm-vp8: 9c59270c3fd7afecdb556c50c9e8de78 -> 
  custom:audio-decoder-ogg-vorbis: bf7c407c2cedff20999df2af8eb42d56 -> 
  custom:audio-encoder-webm-vorbis: bf7c407c2cedff20999df2af8eb42d56 -> 
========================================================================
Received Import Request.
  Time since last request: 135.860392 seconds.
  path: Assets/Codigo_Movimiento_Final.cs
  artifactKey: Guid(c8bfb021397f2e3428ec054ea0646332) Importer(815301076,1909f56bfc062723c751e8b465ee728b)
Start importing Assets/Codigo_Movimiento_Final.cs using Guid(c8bfb021397f2e3428ec054ea0646332) Importer(815301076,1909f56bfc062723c751e8b465ee728b)  -> (artifact id: '5b724dcebbc2bfc1bb5867b3df4ff427') in 0.178893 seconds 
========================================================================
Received Import Request.
  Time since last request: 0.000674 seconds.
  path: Assets/Codigo_Movimiento_Final1.cs
  artifactKey: Guid(698161717e7b22044883263c5bfdda5a) Importer(815301076,1909f56bfc062723c751e8b465ee728b)
Start importing Assets/Codigo_Movimiento_Final1.cs using Guid(698161717e7b22044883263c5bfdda5a) Importer(815301076,1909f56bfc062723c751e8b465ee728b)  -> (artifact id: '2a1cd8dc6151b085df99451b9fe721c5') in 0.034027 seconds 
========================================================================
Received Import Request.
  Time since last request: 22.374994 seconds.
  path: Assets/CameraPlayer.cs
  artifactKey: Guid(85fe9dd6481e2d2499e951ce1ffa6706) Importer(815301076,1909f56bfc062723c751e8b465ee728b)
Start importing Assets/CameraPlayer.cs using Guid(85fe9dd6481e2d2499e951ce1ffa6706) Importer(815301076,1909f56bfc062723c751e8b465ee728b)  -> (artifact id: '7086c3823afc882710d695d18482703e') in 0.021747 seconds 
========================================================================
Received Import Request.
  Time since last request: 35.888842 seconds.
  path: Assets/Codigo_Final.cs
  artifactKey: Guid(698161717e7b22044883263c5bfdda5a) Importer(815301076,1909f56bfc062723c751e8b465ee728b)
Start importing Assets/Codigo_Final.cs using Guid(698161717e7b22044883263c5bfdda5a) Importer(815301076,1909f56bfc062723c751e8b465ee728b)  -> (artifact id: '15a1e0084e88e994ee02b6056c987355') in 0.043519 seconds 
